Determining if the pthread_create exist failed with the following output:
Change Dir: /home/kevin/catkin_ws/build/donkey_car/CMakeFiles/CMakeTmp

Run Build Command:"/usr/bin/make" "cmTC_f4a9a/fast"
/usr/bin/make -f CMakeFiles/cmTC_f4a9a.dir/build.make CMakeFiles/cmTC_f4a9a.dir/build
make[1]: se entra en el directorio '/home/kevin/catkin_ws/build/donkey_car/CMakeFiles/CMakeTmp'
Building C object CMakeFiles/cmTC_f4a9a.dir/CheckSymbolExists.c.o
/usr/bin/cc     -o CMakeFiles/cmTC_f4a9a.dir/CheckSymbolExists.c.o   -c /home/kevin/catkin_ws/build/donkey_car/CMakeFiles/CMakeTmp/CheckSymbolExists.c
Linking C executable cmTC_f4a9a
/usr/bin/cmake -E cmake_link_script CMakeFiles/cmTC_f4a9a.dir/link.txt --verbose=1
/usr/bin/cc       CMakeFiles/cmTC_f4a9a.dir/CheckSymbolExists.c.o  -o cmTC_f4a9a -rdynamic 
CMakeFiles/cmTC_f4a9a.dir/CheckSymbolExists.c.o: En la funci√≥n `main':
CheckSymbolExists.c:(.text+0x16): referencia a `pthread_create' sin definir
collect2: error: ld returned 1 exit status
CMakeFiles/cmTC_f4a9a.dir/build.make:97: fallo en las instrucciones para el objetivo 'cmTC_f4a9a'
make[1]: *** [cmTC_f4a9a] Error 1
make[1]: se sale del directorio '/home/kevin/catkin_ws/build/donkey_car/CMakeFiles/CMakeTmp'
Makefile:126: fallo en las instrucciones para el objetivo 'cmTC_f4a9a/fast'
make: *** [cmTC_f4a9a/fast] Error 2

File /home/kevin/catkin_ws/build/donkey_car/CMakeFiles/CMakeTmp/CheckSymbolExists.c:
/* */
#include <pthread.h>

int main(int argc, char** argv)
{
  (void)argv;
#ifndef pthread_create
  return ((int*)(&pthread_create))[argc];
#else
  (void)argc;
  return 0;
#endif
}

Determining if the function pthread_create exists in the pthreads failed with the following output:
Change Dir: /home/kevin/catkin_ws/build/donkey_car/CMakeFiles/CMakeTmp

Run Build Command:"/usr/bin/make" "cmTC_9df50/fast"
/usr/bin/make -f CMakeFiles/cmTC_9df50.dir/build.make CMakeFiles/cmTC_9df50.dir/build
make[1]: se entra en el directorio '/home/kevin/catkin_ws/build/donkey_car/CMakeFiles/CMakeTmp'
Building C object CMakeFiles/cmTC_9df50.dir/CheckFunctionExists.c.o
/usr/bin/cc    -DCHECK_FUNCTION_EXISTS=pthread_create   -o CMakeFiles/cmTC_9df50.dir/CheckFunctionExists.c.o   -c /usr/share/cmake-3.5/Modules/CheckFunctionExists.c
Linking C executable cmTC_9df50
/usr/bin/cmake -E cmake_link_script CMakeFiles/cmTC_9df50.dir/link.txt --verbose=1
/usr/bin/cc   -DCHECK_FUNCTION_EXISTS=pthread_create    CMakeFiles/cmTC_9df50.dir/CheckFunctionExists.c.o  -o cmTC_9df50 -rdynamic -lpthreads 
/usr/bin/ld: no se puede encontrar -lpthreads
collect2: error: ld returned 1 exit status
CMakeFiles/cmTC_9df50.dir/build.make:97: fallo en las instrucciones para el objetivo 'cmTC_9df50'
make[1]: *** [cmTC_9df50] Error 1
make[1]: se sale del directorio '/home/kevin/catkin_ws/build/donkey_car/CMakeFiles/CMakeTmp'
Makefile:126: fallo en las instrucciones para el objetivo 'cmTC_9df50/fast'
make: *** [cmTC_9df50/fast] Error 2


