Determining if the pthread_create exist failed with the following output:
Change Dir: /home/kevin/catkin_ws/build/ce30c_driver/CMakeFiles/CMakeTmp

Run Build Command:"/usr/bin/make" "cmTC_581a8/fast"
/usr/bin/make -f CMakeFiles/cmTC_581a8.dir/build.make CMakeFiles/cmTC_581a8.dir/build
make[1]: se entra en el directorio '/home/kevin/catkin_ws/build/ce30c_driver/CMakeFiles/CMakeTmp'
Building C object CMakeFiles/cmTC_581a8.dir/CheckSymbolExists.c.o
/usr/bin/cc     -o CMakeFiles/cmTC_581a8.dir/CheckSymbolExists.c.o   -c /home/kevin/catkin_ws/build/ce30c_driver/CMakeFiles/CMakeTmp/CheckSymbolExists.c
Linking C executable cmTC_581a8
/usr/bin/cmake -E cmake_link_script CMakeFiles/cmTC_581a8.dir/link.txt --verbose=1
/usr/bin/cc       CMakeFiles/cmTC_581a8.dir/CheckSymbolExists.c.o  -o cmTC_581a8 -rdynamic 
CMakeFiles/cmTC_581a8.dir/CheckSymbolExists.c.o: En la funci√≥n `main':
CheckSymbolExists.c:(.text+0x16): referencia a `pthread_create' sin definir
collect2: error: ld returned 1 exit status
CMakeFiles/cmTC_581a8.dir/build.make:97: fallo en las instrucciones para el objetivo 'cmTC_581a8'
make[1]: *** [cmTC_581a8] Error 1
make[1]: se sale del directorio '/home/kevin/catkin_ws/build/ce30c_driver/CMakeFiles/CMakeTmp'
Makefile:126: fallo en las instrucciones para el objetivo 'cmTC_581a8/fast'
make: *** [cmTC_581a8/fast] Error 2

File /home/kevin/catkin_ws/build/ce30c_driver/CMakeFiles/CMakeTmp/CheckSymbolExists.c:
/* */
#include <pthread.h>

int main(int argc, char** argv)
{
  (void)argv;
#ifndef pthread_create
  return ((int*)(&pthread_create))[argc];
#else
  (void)argc;
  return 0;
#endif
}

Determining if the function pthread_create exists in the pthreads failed with the following output:
Change Dir: /home/kevin/catkin_ws/build/ce30c_driver/CMakeFiles/CMakeTmp

Run Build Command:"/usr/bin/make" "cmTC_b225e/fast"
/usr/bin/make -f CMakeFiles/cmTC_b225e.dir/build.make CMakeFiles/cmTC_b225e.dir/build
make[1]: se entra en el directorio '/home/kevin/catkin_ws/build/ce30c_driver/CMakeFiles/CMakeTmp'
Building C object CMakeFiles/cmTC_b225e.dir/CheckFunctionExists.c.o
/usr/bin/cc    -DCHECK_FUNCTION_EXISTS=pthread_create   -o CMakeFiles/cmTC_b225e.dir/CheckFunctionExists.c.o   -c /usr/share/cmake-3.5/Modules/CheckFunctionExists.c
Linking C executable cmTC_b225e
/usr/bin/cmake -E cmake_link_script CMakeFiles/cmTC_b225e.dir/link.txt --verbose=1
/usr/bin/cc   -DCHECK_FUNCTION_EXISTS=pthread_create    CMakeFiles/cmTC_b225e.dir/CheckFunctionExists.c.o  -o cmTC_b225e -rdynamic -lpthreads 
/usr/bin/ld: no se puede encontrar -lpthreads
collect2: error: ld returned 1 exit status
CMakeFiles/cmTC_b225e.dir/build.make:97: fallo en las instrucciones para el objetivo 'cmTC_b225e'
make[1]: *** [cmTC_b225e] Error 1
make[1]: se sale del directorio '/home/kevin/catkin_ws/build/ce30c_driver/CMakeFiles/CMakeTmp'
Makefile:126: fallo en las instrucciones para el objetivo 'cmTC_b225e/fast'
make: *** [cmTC_b225e/fast] Error 2


